#-----------------------------------------------------------
# Vivado v2018.3 (64-bit)
# SW Build 2405991 on Thu Dec  6 23:36:41 MST 2018
# IP Build 2404404 on Fri Dec  7 01:43:56 MST 2018
# Start of session at: Thu Jan 24 10:14:16 2019
# Process ID: 6071
# Current directory: /home/phoenix8899/ECE/Spring2019/ECE3700/1_Communication
# Command line: vivado
# Log file: /home/phoenix8899/ECE/Spring2019/ECE3700/1_Communication/vivado.log
# Journal file: /home/phoenix8899/ECE/Spring2019/ECE3700/1_Communication/vivado.jou
#-----------------------------------------------------------
ERROR: [Common 17-356] Failed to install all user apps.
start_gui
open_hw
INFO: [IP_Flow 19-234] Refreshing IP repositories
INFO: [IP_Flow 19-1704] No user IP repositories specified
INFO: [IP_Flow 19-2313] Loaded Vivado IP repository '/home/phoenix8899/ECE/Xilinx/Vivado/2018.3/data/ip'.
close_hw
****** Webtalk v2018.3 (64-bit)
  **** SW Build 2405991 on Thu Dec  6 23:36:41 MST 2018
  **** IP Build 2404404 on Fri Dec  7 01:43:56 MST 2018
    ** Copyright 1986-2018 Xilinx, Inc. All Rights Reserved.

source /home/phoenix8899/ECE/Spring2019/ECE3700/1_Communication/.Xil/Vivado-6071-Phoenix8899/webtalk/labtool_webtalk.tcl -notrace
INFO: [Common 17-186] '/home/phoenix8899/ECE/Spring2019/ECE3700/1_Communication/.Xil/Vivado-6071-Phoenix8899/webtalk/usage_statistics_ext_labtool.xml' has been successfully sent to Xilinx on Thu Jan 24 10:20:31 2019. For additional details about this file, please refer to the WebTalk help file at /home/phoenix8899/ECE/Xilinx/Vivado/2018.3/doc/webtalk_introduction.html.
INFO: [Common 17-206] Exiting Webtalk at Thu Jan 24 10:20:31 2019...
exit
INFO: [Common 17-206] Exiting Vivado at Thu Jan 24 10:27:48 2019...
