#-----------------------------------------------------------
# Vivado v2018.3 (64-bit)
# SW Build 2405991 on Thu Dec  6 23:36:41 MST 2018
# IP Build 2404404 on Fri Dec  7 01:43:56 MST 2018
# Start of session at: Fri Mar 22 16:20:15 2019
# Process ID: 14884
# Current directory: /home/phoenix8899/ECE
# Command line: vivado
# Log file: /home/phoenix8899/ECE/vivado.log
# Journal file: /home/phoenix8899/ECE/vivado.jou
#-----------------------------------------------------------
start_gui
open_project /home/phoenix8899/Sine_Synth/Sine_Synth.xpr
Scanning sources...
Finished scanning sources
INFO: [IP_Flow 19-234] Refreshing IP repositories
INFO: [IP_Flow 19-1704] No user IP repositories specified
INFO: [IP_Flow 19-2313] Loaded Vivado IP repository '/home/phoenix8899/Xilinx/Vivado/2018.3/data/ip'.
update_compile_order -fileset sources_1
import_files -norecurse /home/phoenix8899/ECE/Spring2019/ECE3700/PWM/PWM.srcs/sources_1/new/PWM_signal.v
update_compile_order -fileset sources_1
update_compile_order -fileset sources_1
launch_runs impl_1 -to_step write_bitstream -jobs 12
[Fri Mar 22 16:25:23 2019] Launched synth_1...
Run output will be captured here: /home/phoenix8899/Sine_Synth/Sine_Synth.runs/synth_1/runme.log
[Fri Mar 22 16:25:23 2019] Launched impl_1...
Run output will be captured here: /home/phoenix8899/Sine_Synth/Sine_Synth.runs/impl_1/runme.log
reset_run synth_1
launch_runs impl_1 -to_step write_bitstream -jobs 12
[Fri Mar 22 16:28:03 2019] Launched synth_1...
Run output will be captured here: /home/phoenix8899/Sine_Synth/Sine_Synth.runs/synth_1/runme.log
[Fri Mar 22 16:28:03 2019] Launched impl_1...
Run output will be captured here: /home/phoenix8899/Sine_Synth/Sine_Synth.runs/impl_1/runme.log
reset_run synth_1
launch_runs impl_1 -to_step write_bitstream -jobs 12
[Fri Mar 22 16:28:46 2019] Launched synth_1...
Run output will be captured here: /home/phoenix8899/Sine_Synth/Sine_Synth.runs/synth_1/runme.log
[Fri Mar 22 16:28:46 2019] Launched impl_1...
Run output will be captured here: /home/phoenix8899/Sine_Synth/Sine_Synth.runs/impl_1/runme.log
open_hw
connect_hw_server
INFO: [Labtools 27-2285] Connecting to hw_server url TCP:localhost:3121
INFO: [Labtools 27-2222] Launching hw_server...
INFO: [Labtools 27-2221] Launch Output:

****** Xilinx hw_server v2018.3
  **** Build date : Dec  6 2018-23:53:53
    ** Copyright 1986-2018 Xilinx, Inc. All Rights Reserved.


open_hw_target
INFO: [Labtoolstcl 44-466] Opening hw_target localhost:3121/xilinx_tcf/Digilent/210183A6F4A7A
set_property PROGRAM.FILE {/home/phoenix8899/Sine_Synth/Sine_Synth.runs/impl_1/Synth_Top.bit} [get_hw_devices xc7a35t_0]
current_hw_device [get_hw_devices xc7a35t_0]
refresh_hw_device -update_hw_probes false [lindex [get_hw_devices xc7a35t_0] 0]
INFO: [Labtools 27-1435] Device xc7a35t (JTAG device index = 0) is not programmed (DONE status = 0).
set_property PROBES.FILE {} [get_hw_devices xc7a35t_0]
set_property FULL_PROBES.FILE {} [get_hw_devices xc7a35t_0]
set_property PROGRAM.FILE {/home/phoenix8899/Sine_Synth/Sine_Synth.runs/impl_1/Synth_Top.bit} [get_hw_devices xc7a35t_0]
program_hw_devices [get_hw_devices xc7a35t_0]
INFO: [Labtools 27-3164] End of startup status: HIGH
refresh_hw_device [lindex [get_hw_devices xc7a35t_0] 0]
INFO: [Labtools 27-1434] Device xc7a35t (JTAG device index = 0) is programmed with a design that has no supported debug core(s) in it.
reset_run synth_1
launch_runs impl_1 -to_step write_bitstream -jobs 12
[Fri Mar 22 16:34:22 2019] Launched synth_1...
Run output will be captured here: /home/phoenix8899/Sine_Synth/Sine_Synth.runs/synth_1/runme.log
[Fri Mar 22 16:34:22 2019] Launched impl_1...
Run output will be captured here: /home/phoenix8899/Sine_Synth/Sine_Synth.runs/impl_1/runme.log
set_property PROBES.FILE {} [get_hw_devices xc7a35t_0]
set_property FULL_PROBES.FILE {} [get_hw_devices xc7a35t_0]
set_property PROGRAM.FILE {/home/phoenix8899/Sine_Synth/Sine_Synth.runs/impl_1/Synth_Top.bit} [get_hw_devices xc7a35t_0]
program_hw_devices [get_hw_devices xc7a35t_0]
INFO: [Labtools 27-3164] End of startup status: HIGH
refresh_hw_device [lindex [get_hw_devices xc7a35t_0] 0]
INFO: [Labtools 27-1434] Device xc7a35t (JTAG device index = 0) is programmed with a design that has no supported debug core(s) in it.
ERROR: [Labtoolstcl 44-513] HW Target shutdown. Closing target: localhost:3121/xilinx_tcf/Digilent/210183A6F4A7A
INFO: [Labtoolstcl 44-466] Opening hw_target localhost:3121/xilinx_tcf/Digilent/210183A6F4A7A
INFO: [Labtools 27-1435] Device xc7a35t (JTAG device index = 0) is not programmed (DONE status = 0).
WARNING: [Labtoolstcl 44-129] No matching hw_ila_data was found.
set_property PROBES.FILE {} [get_hw_devices xc7a35t_0]
set_property FULL_PROBES.FILE {} [get_hw_devices xc7a35t_0]
set_property PROGRAM.FILE {/home/phoenix8899/Sine_Synth/Sine_Synth.runs/impl_1/Synth_Top.bit} [get_hw_devices xc7a35t_0]
program_hw_devices [get_hw_devices xc7a35t_0]
INFO: [Labtools 27-3164] End of startup status: HIGH
refresh_hw_device [lindex [get_hw_devices xc7a35t_0] 0]
INFO: [Labtools 27-1434] Device xc7a35t (JTAG device index = 0) is programmed with a design that has no supported debug core(s) in it.
ERROR: [Labtoolstcl 44-513] HW Target shutdown. Closing target: localhost:3121/xilinx_tcf/Digilent/210183A6F4A7A
reset_run synth_1
launch_runs impl_1 -to_step write_bitstream -jobs 12
[Fri Mar 22 16:39:16 2019] Launched synth_1...
Run output will be captured here: /home/phoenix8899/Sine_Synth/Sine_Synth.runs/synth_1/runme.log
[Fri Mar 22 16:39:16 2019] Launched impl_1...
Run output will be captured here: /home/phoenix8899/Sine_Synth/Sine_Synth.runs/impl_1/runme.log
disconnect_hw_server localhost:3121
connect_hw_server
INFO: [Labtools 27-2285] Connecting to hw_server url TCP:localhost:3121
ERROR: [Labtoolstcl 44-494] There is no active target available for server at localhost.
 Targets(s) ", jsn-Basys3-210183A6F4A7A" may be locked by another hw_server.
disconnect_hw_server localhost:3121
connect_hw_server
INFO: [Labtools 27-2285] Connecting to hw_server url TCP:localhost:3121
open_hw_target
INFO: [Labtoolstcl 44-466] Opening hw_target localhost:3121/xilinx_tcf/Digilent/210183A6F4A7A
set_property PROGRAM.FILE {/home/phoenix8899/Sine_Synth/Sine_Synth.runs/impl_1/Synth_Top.bit} [get_hw_devices xc7a35t_0]
current_hw_device [get_hw_devices xc7a35t_0]
refresh_hw_device -update_hw_probes false [lindex [get_hw_devices xc7a35t_0] 0]
INFO: [Labtools 27-1435] Device xc7a35t (JTAG device index = 0) is not programmed (DONE status = 0).
set_property PROBES.FILE {} [get_hw_devices xc7a35t_0]
set_property FULL_PROBES.FILE {} [get_hw_devices xc7a35t_0]
set_property PROGRAM.FILE {/home/phoenix8899/Sine_Synth/Sine_Synth.runs/impl_1/Synth_Top.bit} [get_hw_devices xc7a35t_0]
program_hw_devices [get_hw_devices xc7a35t_0]
INFO: [Labtools 27-3164] End of startup status: HIGH
refresh_hw_device [lindex [get_hw_devices xc7a35t_0] 0]
INFO: [Labtools 27-1434] Device xc7a35t (JTAG device index = 0) is programmed with a design that has no supported debug core(s) in it.
reset_run synth_1
launch_runs impl_1 -to_step write_bitstream -jobs 12
[Fri Mar 22 16:52:52 2019] Launched synth_1...
Run output will be captured here: /home/phoenix8899/Sine_Synth/Sine_Synth.runs/synth_1/runme.log
[Fri Mar 22 16:52:52 2019] Launched impl_1...
Run output will be captured here: /home/phoenix8899/Sine_Synth/Sine_Synth.runs/impl_1/runme.log
set_property PROBES.FILE {} [get_hw_devices xc7a35t_0]
set_property FULL_PROBES.FILE {} [get_hw_devices xc7a35t_0]
set_property PROGRAM.FILE {/home/phoenix8899/Sine_Synth/Sine_Synth.runs/impl_1/Synth_Top.bit} [get_hw_devices xc7a35t_0]
program_hw_devices [get_hw_devices xc7a35t_0]
INFO: [Labtools 27-3164] End of startup status: HIGH
refresh_hw_device [lindex [get_hw_devices xc7a35t_0] 0]
INFO: [Labtools 27-1434] Device xc7a35t (JTAG device index = 0) is programmed with a design that has no supported debug core(s) in it.
ERROR: [Labtoolstcl 44-513] HW Target shutdown. Closing target: localhost:3121/xilinx_tcf/Digilent/210183A6F4A7A
INFO: [Labtoolstcl 44-466] Opening hw_target localhost:3121/xilinx_tcf/Digilent/210183A6F4A7A
INFO: [Labtools 27-1435] Device xc7a35t (JTAG device index = 0) is not programmed (DONE status = 0).
WARNING: [Labtoolstcl 44-129] No matching hw_ila_data was found.
set_property PROBES.FILE {} [get_hw_devices xc7a35t_0]
set_property FULL_PROBES.FILE {} [get_hw_devices xc7a35t_0]
set_property PROGRAM.FILE {/home/phoenix8899/Sine_Synth/Sine_Synth.runs/impl_1/Synth_Top.bit} [get_hw_devices xc7a35t_0]
program_hw_devices [get_hw_devices xc7a35t_0]
INFO: [Labtools 27-3164] End of startup status: HIGH
refresh_hw_device [lindex [get_hw_devices xc7a35t_0] 0]
INFO: [Labtools 27-1434] Device xc7a35t (JTAG device index = 0) is programmed with a design that has no supported debug core(s) in it.
reset_run synth_1
launch_runs impl_1 -to_step write_bitstream -jobs 12
[Fri Mar 22 16:59:58 2019] Launched synth_1...
Run output will be captured here: /home/phoenix8899/Sine_Synth/Sine_Synth.runs/synth_1/runme.log
[Fri Mar 22 16:59:58 2019] Launched impl_1...
Run output will be captured here: /home/phoenix8899/Sine_Synth/Sine_Synth.runs/impl_1/runme.log
set_property PROBES.FILE {} [get_hw_devices xc7a35t_0]
set_property FULL_PROBES.FILE {} [get_hw_devices xc7a35t_0]
set_property PROGRAM.FILE {/home/phoenix8899/Sine_Synth/Sine_Synth.runs/impl_1/Synth_Top.bit} [get_hw_devices xc7a35t_0]
program_hw_devices [get_hw_devices xc7a35t_0]
INFO: [Labtools 27-3164] End of startup status: HIGH
refresh_hw_device [lindex [get_hw_devices xc7a35t_0] 0]
INFO: [Labtools 27-1434] Device xc7a35t (JTAG device index = 0) is programmed with a design that has no supported debug core(s) in it.
reset_run synth_1
launch_runs impl_1 -to_step write_bitstream -jobs 12
[Fri Mar 22 17:05:48 2019] Launched synth_1...
Run output will be captured here: /home/phoenix8899/Sine_Synth/Sine_Synth.runs/synth_1/runme.log
[Fri Mar 22 17:05:48 2019] Launched impl_1...
Run output will be captured here: /home/phoenix8899/Sine_Synth/Sine_Synth.runs/impl_1/runme.log
set_property PROBES.FILE {} [get_hw_devices xc7a35t_0]
set_property FULL_PROBES.FILE {} [get_hw_devices xc7a35t_0]
set_property PROGRAM.FILE {/home/phoenix8899/Sine_Synth/Sine_Synth.runs/impl_1/Synth_Top.bit} [get_hw_devices xc7a35t_0]
program_hw_devices [get_hw_devices xc7a35t_0]
INFO: [Labtools 27-3164] End of startup status: HIGH
refresh_hw_device [lindex [get_hw_devices xc7a35t_0] 0]
INFO: [Labtools 27-1434] Device xc7a35t (JTAG device index = 0) is programmed with a design that has no supported debug core(s) in it.
reset_run synth_1
launch_runs impl_1 -to_step write_bitstream -jobs 12
[Fri Mar 22 17:09:18 2019] Launched synth_1...
Run output will be captured here: /home/phoenix8899/Sine_Synth/Sine_Synth.runs/synth_1/runme.log
[Fri Mar 22 17:09:18 2019] Launched impl_1...
Run output will be captured here: /home/phoenix8899/Sine_Synth/Sine_Synth.runs/impl_1/runme.log
set_property PROBES.FILE {} [get_hw_devices xc7a35t_0]
set_property FULL_PROBES.FILE {} [get_hw_devices xc7a35t_0]
set_property PROGRAM.FILE {/home/phoenix8899/Sine_Synth/Sine_Synth.runs/impl_1/Synth_Top.bit} [get_hw_devices xc7a35t_0]
program_hw_devices [get_hw_devices xc7a35t_0]
INFO: [Labtools 27-3164] End of startup status: HIGH
refresh_hw_device [lindex [get_hw_devices xc7a35t_0] 0]
INFO: [Labtools 27-1434] Device xc7a35t (JTAG device index = 0) is programmed with a design that has no supported debug core(s) in it.
set_property PROBES.FILE {} [get_hw_devices xc7a35t_0]
set_property FULL_PROBES.FILE {} [get_hw_devices xc7a35t_0]
set_property PROGRAM.FILE {/home/phoenix8899/Sine_Synth/Sine_Synth.runs/impl_1/Synth_Top.bit} [get_hw_devices xc7a35t_0]
program_hw_devices [get_hw_devices xc7a35t_0]
INFO: [Labtools 27-3164] End of startup status: HIGH
refresh_hw_device [lindex [get_hw_devices xc7a35t_0] 0]
INFO: [Labtools 27-1434] Device xc7a35t (JTAG device index = 0) is programmed with a design that has no supported debug core(s) in it.
reset_run synth_1
launch_runs impl_1 -to_step write_bitstream -jobs 12
[Fri Mar 22 17:14:26 2019] Launched synth_1...
Run output will be captured here: /home/phoenix8899/Sine_Synth/Sine_Synth.runs/synth_1/runme.log
[Fri Mar 22 17:14:26 2019] Launched impl_1...
Run output will be captured here: /home/phoenix8899/Sine_Synth/Sine_Synth.runs/impl_1/runme.log
set_property PROBES.FILE {} [get_hw_devices xc7a35t_0]
set_property FULL_PROBES.FILE {} [get_hw_devices xc7a35t_0]
set_property PROGRAM.FILE {/home/phoenix8899/Sine_Synth/Sine_Synth.runs/impl_1/Synth_Top.bit} [get_hw_devices xc7a35t_0]
program_hw_devices [get_hw_devices xc7a35t_0]
INFO: [Labtools 27-3164] End of startup status: HIGH
refresh_hw_device [lindex [get_hw_devices xc7a35t_0] 0]
INFO: [Labtools 27-1434] Device xc7a35t (JTAG device index = 0) is programmed with a design that has no supported debug core(s) in it.
reset_run synth_1
launch_runs impl_1 -to_step write_bitstream -jobs 12
[Fri Mar 22 17:18:36 2019] Launched synth_1...
Run output will be captured here: /home/phoenix8899/Sine_Synth/Sine_Synth.runs/synth_1/runme.log
[Fri Mar 22 17:18:36 2019] Launched impl_1...
Run output will be captured here: /home/phoenix8899/Sine_Synth/Sine_Synth.runs/impl_1/runme.log
set_property PROBES.FILE {} [get_hw_devices xc7a35t_0]
set_property FULL_PROBES.FILE {} [get_hw_devices xc7a35t_0]
set_property PROGRAM.FILE {/home/phoenix8899/Sine_Synth/Sine_Synth.runs/impl_1/Synth_Top.bit} [get_hw_devices xc7a35t_0]
program_hw_devices [get_hw_devices xc7a35t_0]
INFO: [Labtools 27-3164] End of startup status: HIGH
refresh_hw_device [lindex [get_hw_devices xc7a35t_0] 0]
INFO: [Labtools 27-1434] Device xc7a35t (JTAG device index = 0) is programmed with a design that has no supported debug core(s) in it.
reset_run synth_1
launch_runs impl_1 -to_step write_bitstream -jobs 12
[Fri Mar 22 17:21:24 2019] Launched synth_1...
Run output will be captured here: /home/phoenix8899/Sine_Synth/Sine_Synth.runs/synth_1/runme.log
[Fri Mar 22 17:21:24 2019] Launched impl_1...
Run output will be captured here: /home/phoenix8899/Sine_Synth/Sine_Synth.runs/impl_1/runme.log
set_property PROBES.FILE {} [get_hw_devices xc7a35t_0]
set_property FULL_PROBES.FILE {} [get_hw_devices xc7a35t_0]
set_property PROGRAM.FILE {/home/phoenix8899/Sine_Synth/Sine_Synth.runs/impl_1/Synth_Top.bit} [get_hw_devices xc7a35t_0]
program_hw_devices [get_hw_devices xc7a35t_0]
INFO: [Labtools 27-3164] End of startup status: HIGH
refresh_hw_device [lindex [get_hw_devices xc7a35t_0] 0]
INFO: [Labtools 27-1434] Device xc7a35t (JTAG device index = 0) is programmed with a design that has no supported debug core(s) in it.
import_files -norecurse /home/phoenix8899/ECE/Spring2019/ECE3700/TrigWavegem/TrigWavegem.srcs/sources_1/imports/1_1_ALS_SPI/debouncer.v
update_compile_order -fileset sources_1
update_compile_order -fileset sources_1
reset_run synth_1
launch_runs impl_1 -to_step write_bitstream -jobs 12
[Fri Mar 22 17:25:45 2019] Launched synth_1...
Run output will be captured here: /home/phoenix8899/Sine_Synth/Sine_Synth.runs/synth_1/runme.log
[Fri Mar 22 17:25:45 2019] Launched impl_1...
Run output will be captured here: /home/phoenix8899/Sine_Synth/Sine_Synth.runs/impl_1/runme.log
set_property PROBES.FILE {} [get_hw_devices xc7a35t_0]
set_property FULL_PROBES.FILE {} [get_hw_devices xc7a35t_0]
set_property PROGRAM.FILE {/home/phoenix8899/Sine_Synth/Sine_Synth.runs/impl_1/Synth_Top.bit} [get_hw_devices xc7a35t_0]
program_hw_devices [get_hw_devices xc7a35t_0]
INFO: [Labtools 27-3164] End of startup status: HIGH
refresh_hw_device [lindex [get_hw_devices xc7a35t_0] 0]
INFO: [Labtools 27-1434] Device xc7a35t (JTAG device index = 0) is programmed with a design that has no supported debug core(s) in it.
ERROR: [Labtoolstcl 44-513] HW Target shutdown. Closing target: localhost:3121/xilinx_tcf/Digilent/210183A6F4A7A
exit
INFO: [Common 17-206] Exiting Vivado at Fri Mar 22 17:28:50 2019...
